Build started 3/14/2012 2:22:29 AM.
     1>Project "C:\Users\Zach\Documents\UCLA\CS32_2\proj_4\AdHunter\AdHunter.vcxproj" on node 2 (build target(s)).
     1>InitializeBuildStatus:
         Creating "Debug\AdHunter.unsuccessfulbuild" because "AlwaysCreate" was specified.
       ClCompile:
         c:\Program Files (x86)\Microsoft Visual Studio 10.0\VC\bin\CL.exe /c /ZI /nologo /W3 /WX- /Od /Oy- /D _MBCS /Gm /EHsc /RTC1 /MDd /GS /fp:precise /Zc:wchar_t /Zc:forScope /Fo"Debug\\" /Fd"Debug\vc100.pdb" /Gd /TP /analyze- /errorReport:prompt Document.cpp Matcher.cpp main.cpp
         Document.cpp
     1>c:\users\zach\documents\ucla\cs32_2\proj_4\adhunter\document.cpp(61): warning C4800: 'int *' : forcing value to bool 'true' or 'false' (performance warning)
     1>c:\users\zach\documents\ucla\cs32_2\proj_4\adhunter\document.cpp(66): warning C4800: 'int *' : forcing value to bool 'true' or 'false' (performance warning)
         Generating Code...
         Compiling...
         main.cpp
         Matcher.cpp
     1>c:\users\zach\documents\ucla\cs32_2\proj_4\adhunter\matcher.cpp(47): warning C4018: '<' : signed/unsigned mismatch
     1>c:\users\zach\documents\ucla\cs32_2\proj_4\adhunter\matcher.cpp(69): warning C4018: '<' : signed/unsigned mismatch
         Generating Code...
       Link:
         c:\Program Files (x86)\Microsoft Visual Studio 10.0\VC\bin\link.exe /ERRORREPORT:PROMPT /OUT:"C:\Users\Zach\Documents\UCLA\CS32_2\proj_4\AdHunter\Debug\AdHunter.exe" /NOLOGO wininet.lib kernel32.lib user32.lib gdi32.lib winspool.lib comdlg32.lib advapi32.lib shell32.lib ole32.lib oleaut32.lib uuid.lib odbc32.lib odbccp32.lib /MANIFEST /ManifestFile:"Debug\AdHunter.exe.intermediate.manifest" /MANIFESTUAC:"level='asInvoker' uiAccess='false'" /DEBUG /PDB:"C:\Users\Zach\Documents\UCLA\CS32_2\proj_4\AdHunter\Debug\AdHunter.pdb" /SUBSYSTEM:CONSOLE /TLBID:1 /DYNAMICBASE /NXCOMPAT /IMPLIB:"C:\Users\Zach\Documents\UCLA\CS32_2\proj_4\AdHunter\Debug\AdHunter.lib" /MACHINE:X86 Debug\AdHunter.obj
         Debug\Crawler.obj
         Debug\Document.obj
         Debug\ExtractLinks.obj
         Debug\main.obj
         Debug\Matcher.obj
         Debug\Rule.obj
         LINK : C:\Users\Zach\Documents\UCLA\CS32_2\proj_4\AdHunter\Debug\AdHunter.exe not found or not built by the last incremental link; performing full link
         AdHunter.vcxproj -> C:\Users\Zach\Documents\UCLA\CS32_2\proj_4\AdHunter\Debug\AdHunter.exe
       Manifest:
         C:\Program Files (x86)\Microsoft SDKs\Windows\v7.0A\bin\mt.exe /nologo /verbose /outputresource:"C:\Users\Zach\Documents\UCLA\CS32_2\proj_4\AdHunter\Debug\AdHunter.exe;#1" /manifest Debug\AdHunter.exe.intermediate.manifest
       FinalizeBuildStatus:
         Deleting file "Debug\AdHunter.unsuccessfulbuild".
         Touching "Debug\AdHunter.lastbuildstate".
     1>Done Building Project "C:\Users\Zach\Documents\UCLA\CS32_2\proj_4\AdHunter\AdHunter.vcxproj" (build target(s)).

Build succeeded.

Time Elapsed 00:00:08.67
