C:\USERS\ZACH\DOCUMENTS\UCLA\CS32\PROJECTS\P1\DEBUG\ARENA.OBJ
C:\Users\Zach\Documents\UCLA\CS32\projects\P1\Debug\cl.command.1.tlog
C:\Users\Zach\Documents\UCLA\CS32\projects\P1\Debug\CL.read.1.tlog
C:\Users\Zach\Documents\UCLA\CS32\projects\P1\Debug\CL.write.1.tlog
C:\USERS\ZACH\DOCUMENTS\UCLA\CS32\PROJECTS\P1\DEBUG\GAME.OBJ
C:\USERS\ZACH\DOCUMENTS\UCLA\CS32\PROJECTS\P1\DEBUG\HISTORY.OBJ
C:\Users\Zach\Documents\UCLA\CS32\projects\P1\Debug\link.command.1.tlog
C:\Users\Zach\Documents\UCLA\CS32\projects\P1\Debug\link.read.1.tlog
C:\Users\Zach\Documents\UCLA\CS32\projects\P1\Debug\link.write.1.tlog
C:\USERS\ZACH\DOCUMENTS\UCLA\CS32\PROJECTS\P1\DEBUG\MAIN.OBJ
C:\Users\Zach\Documents\UCLA\CS32\projects\P1\Debug\mt.command.1.tlog
C:\Users\Zach\Documents\UCLA\CS32\projects\P1\Debug\mt.read.1.tlog
C:\Users\Zach\Documents\UCLA\CS32\projects\P1\Debug\mt.read.2.tlog
C:\Users\Zach\Documents\UCLA\CS32\projects\P1\Debug\mt.write.1.tlog
C:\USERS\ZACH\DOCUMENTS\UCLA\CS32\PROJECTS\P1\DEBUG\P1.EXE
C:\USERS\ZACH\DOCUMENTS\UCLA\CS32\PROJECTS\P1\DEBUG\P1.EXE.INTERMEDIATE.MANIFEST
C:\USERS\ZACH\DOCUMENTS\UCLA\CS32\PROJECTS\P1\DEBUG\P1.ILK
C:\USERS\ZACH\DOCUMENTS\UCLA\CS32\PROJECTS\P1\DEBUG\P1.PDB
C:\USERS\ZACH\DOCUMENTS\UCLA\CS32\PROJECTS\P1\DEBUG\PLAYER.OBJ
C:\USERS\ZACH\DOCUMENTS\UCLA\CS32\PROJECTS\P1\DEBUG\ROBOT.OBJ
C:\USERS\ZACH\DOCUMENTS\UCLA\CS32\PROJECTS\P1\DEBUG\UTILITIES.OBJ
C:\Users\Zach\Documents\UCLA\CS32\projects\P1\Debug\vc100.idb
C:\USERS\ZACH\DOCUMENTS\UCLA\CS32\PROJECTS\P1\DEBUG\VC100.PDB
