Build started 1/10/2011 9:05:12 PM.
     1>Project "C:\Users\Zach\Documents\UCLA\CS32\projects\P1\P1.vcxproj" on node 2 (build target(s)).
     1>InitializeBuildStatus:
         Creating "Debug\P1.unsuccessfulbuild" because "AlwaysCreate" was specified.
       ClCompile:
         C:\Program Files (x86)\Microsoft Visual Studio 10.0\VC\bin\CL.exe /c /ZI /nologo /W3 /WX- /Od /Oy- /D _MBCS /Gm /EHsc /RTC1 /MDd /GS /fp:precise /Zc:wchar_t /Zc:forScope /Fo"Debug\\" /Fd"Debug\vc100.pdb" /Gd /TP /analyze- /errorReport:prompt Arena.cpp Game.cpp History.cpp Player.cpp Robot.cpp main.cpp
         main.cpp
         Generating Code...
         Compiling...
         Robot.cpp
         Player.cpp
         History.cpp
         Game.cpp
         Arena.cpp
         Generating Code...
       Link:
         C:\Program Files (x86)\Microsoft Visual Studio 10.0\VC\bin\link.exe /ERRORREPORT:PROMPT /OUT:"C:\Users\Zach\Documents\UCLA\CS32\projects\P1\Debug\P1.exe" /NOLOGO kernel32.lib user32.lib gdi32.lib winspool.lib comdlg32.lib advapi32.lib shell32.lib ole32.lib oleaut32.lib uuid.lib odbc32.lib odbccp32.lib /MANIFEST /ManifestFile:"Debug\P1.exe.intermediate.manifest" /MANIFESTUAC:"level='asInvoker' uiAccess='false'" /DEBUG /PDB:"C:\Users\Zach\Documents\UCLA\CS32\projects\P1\Debug\P1.pdb" /SUBSYSTEM:CONSOLE /TLBID:1 /DYNAMICBASE /NXCOMPAT /IMPLIB:"C:\Users\Zach\Documents\UCLA\CS32\projects\P1\Debug\P1.lib" /MACHINE:X86 Debug\Arena.obj
         Debug\Game.obj
         Debug\History.obj
         Debug\main.obj
         Debug\Player.obj
         Debug\Robot.obj
         Debug\utilities.obj
         LINK : C:\Users\Zach\Documents\UCLA\CS32\projects\P1\Debug\P1.exe not found or not built by the last incremental link; performing full link
         P1.vcxproj -> C:\Users\Zach\Documents\UCLA\CS32\projects\P1\Debug\P1.exe
       Manifest:
         C:\Program Files (x86)\Microsoft SDKs\Windows\v7.0A\bin\mt.exe /nologo /verbose /outputresource:"C:\Users\Zach\Documents\UCLA\CS32\projects\P1\Debug\P1.exe;#1" /manifest Debug\P1.exe.intermediate.manifest
       FinalizeBuildStatus:
         Deleting file "Debug\P1.unsuccessfulbuild".
         Touching "Debug\P1.lastbuildstate".
     1>Done Building Project "C:\Users\Zach\Documents\UCLA\CS32\projects\P1\P1.vcxproj" (build target(s)).

Build succeeded.

Time Elapsed 00:00:07.88
