Build started 3/5/2012 5:24:36 PM.
     1>Project "C:\Users\Zach\Documents\UCLA\CS32_2\hw4\hw4\hw4.vcxproj" on node 2 (build target(s)).
     1>InitializeBuildStatus:
         Creating "Debug\hw4.unsuccessfulbuild" because "AlwaysCreate" was specified.
       ClCompile:
         c:\Program Files (x86)\Microsoft Visual Studio 10.0\VC\bin\CL.exe /c /ZI /nologo /W3 /WX- /Od /Oy- /D _MBCS /Gm /EHsc /RTC1 /MDd /GS /fp:precise /Zc:wchar_t /Zc:forScope /Fo"Debug\\" /Fd"Debug\vc100.pdb" /Gd /TP /analyze- /errorReport:prompt list.cpp
         list.cpp
     1>c:\users\zach\documents\ucla\cs32_2\hw4\hw4\list.cpp(33): warning C4018: '<' : signed/unsigned mismatch
       Link:
         c:\Program Files (x86)\Microsoft Visual Studio 10.0\VC\bin\link.exe /ERRORREPORT:PROMPT /OUT:"C:\Users\Zach\Documents\UCLA\CS32_2\hw4\hw4\Debug\hw4.exe" /NOLOGO kernel32.lib user32.lib gdi32.lib winspool.lib comdlg32.lib advapi32.lib shell32.lib ole32.lib oleaut32.lib uuid.lib odbc32.lib odbccp32.lib /MANIFEST /ManifestFile:"Debug\hw4.exe.intermediate.manifest" /MANIFESTUAC:"level='asInvoker' uiAccess='false'" /DEBUG /PDB:"C:\Users\Zach\Documents\UCLA\CS32_2\hw4\hw4\Debug\hw4.pdb" /SUBSYSTEM:CONSOLE /TLBID:1 /DYNAMICBASE /NXCOMPAT /IMPLIB:"C:\Users\Zach\Documents\UCLA\CS32_2\hw4\hw4\Debug\hw4.lib" /MACHINE:X86 Debug\list.obj
         LINK : C:\Users\Zach\Documents\UCLA\CS32_2\hw4\hw4\Debug\hw4.exe not found or not built by the last incremental link; performing full link
         hw4.vcxproj -> C:\Users\Zach\Documents\UCLA\CS32_2\hw4\hw4\Debug\hw4.exe
       Manifest:
         C:\Program Files (x86)\Microsoft SDKs\Windows\v7.0A\bin\mt.exe /nologo /verbose /outputresource:"C:\Users\Zach\Documents\UCLA\CS32_2\hw4\hw4\Debug\hw4.exe;#1" /manifest Debug\hw4.exe.intermediate.manifest
       FinalizeBuildStatus:
         Deleting file "Debug\hw4.unsuccessfulbuild".
         Touching "Debug\hw4.lastbuildstate".
     1>Done Building Project "C:\Users\Zach\Documents\UCLA\CS32_2\hw4\hw4\hw4.vcxproj" (build target(s)).

Build succeeded.

Time Elapsed 00:00:02.81
