Build started 11/1/2010 2:53:04 PM.
     1>Project "C:\Users\Zach\Documents\UCLA\CS31\projects\Project4\project4\project4.vcxproj" on node 2 (build target(s)).
     1>InitializeBuildStatus:
         Creating "Debug\project4.unsuccessfulbuild" because "AlwaysCreate" was specified.
       ClCompile:
         C:\Program Files (x86)\Microsoft Visual Studio 10.0\VC\bin\CL.exe /c /ZI /nologo /W3 /WX- /Od /Oy- /D _MBCS /Gm /EHsc /RTC1 /MDd /GS /fp:precise /Zc:wchar_t /Zc:forScope /Fo"Debug\\" /Fd"Debug\vc100.pdb" /Gd /TP /analyze- /errorReport:prompt array.cpp
         array.cpp
     1>c:\users\zach\documents\ucla\cs31\projects\project4\project4\array.cpp(113): warning C4715: 'differ' : not all control paths return a value
       Link:
         C:\Program Files (x86)\Microsoft Visual Studio 10.0\VC\bin\link.exe /ERRORREPORT:PROMPT /OUT:"C:\Users\Zach\Documents\UCLA\CS31\projects\Project4\project4\Debug\project4.exe" /NOLOGO kernel32.lib user32.lib gdi32.lib winspool.lib comdlg32.lib advapi32.lib shell32.lib ole32.lib oleaut32.lib uuid.lib odbc32.lib odbccp32.lib /MANIFEST /ManifestFile:"Debug\project4.exe.intermediate.manifest" /MANIFESTUAC:"level='asInvoker' uiAccess='false'" /DEBUG /PDB:"C:\Users\Zach\Documents\UCLA\CS31\projects\Project4\project4\Debug\project4.pdb" /SUBSYSTEM:CONSOLE /TLBID:1 /DYNAMICBASE /NXCOMPAT /IMPLIB:"C:\Users\Zach\Documents\UCLA\CS31\projects\Project4\project4\Debug\project4.lib" /MACHINE:X86 Debug\array.obj
         LINK : C:\Users\Zach\Documents\UCLA\CS31\projects\Project4\project4\Debug\project4.exe not found or not built by the last incremental link; performing full link
         project4.vcxproj -> C:\Users\Zach\Documents\UCLA\CS31\projects\Project4\project4\Debug\project4.exe
       Manifest:
         C:\Program Files (x86)\Microsoft SDKs\Windows\v7.0A\bin\mt.exe /nologo /verbose /outputresource:"C:\Users\Zach\Documents\UCLA\CS31\projects\Project4\project4\Debug\project4.exe;#1" /manifest Debug\project4.exe.intermediate.manifest
       FinalizeBuildStatus:
         Deleting file "Debug\project4.unsuccessfulbuild".
         Touching "Debug\project4.lastbuildstate".
     1>Done Building Project "C:\Users\Zach\Documents\UCLA\CS31\projects\Project4\project4\project4.vcxproj" (build target(s)).

Build succeeded.

Time Elapsed 00:00:02.13
