Build started 11/16/2010 8:44:14 PM.
     1>Project "C:\Users\Zach\Documents\UCLA\CS31\projects\Project5\project5\project5.vcxproj" on node 2 (build target(s)).
     1>InitializeBuildStatus:
         Creating "Debug\project5.unsuccessfulbuild" because "AlwaysCreate" was specified.
       ClCompile:
         C:\Program Files (x86)\Microsoft Visual Studio 10.0\VC\bin\CL.exe /c /ZI /nologo /W3 /WX- /Od /Oy- /D _MBCS /Gm /EHsc /RTC1 /MDd /GS /fp:precise /Zc:wchar_t /Zc:forScope /Fo"Debug\\" /Fd"Debug\vc100.pdb" /Gd /TP /analyze- /errorReport:prompt bingle2.cpp
         bingle2.cpp
     1>c:\users\zach\documents\ucla\cs31\projects\project5\project5\bingle2.cpp(15): warning C4996: 'strcpy': This function or variable may be unsafe. Consider using strcpy_s instead. To disable deprecation, use _CRT_SECURE_NO_WARNINGS. See online help for details.
                 c:\program files (x86)\microsoft visual studio 10.0\vc\include\string.h(105) : see declaration of 'strcpy'
     1>c:\users\zach\documents\ucla\cs31\projects\project5\project5\bingle2.cpp(175): warning C4996: 'strcpy': This function or variable may be unsafe. Consider using strcpy_s instead. To disable deprecation, use _CRT_SECURE_NO_WARNINGS. See online help for details.
                 c:\program files (x86)\microsoft visual studio 10.0\vc\include\string.h(105) : see declaration of 'strcpy'
     1>c:\users\zach\documents\ucla\cs31\projects\project5\project5\bingle2.cpp(180): warning C4996: 'strcpy': This function or variable may be unsafe. Consider using strcpy_s instead. To disable deprecation, use _CRT_SECURE_NO_WARNINGS. See online help for details.
                 c:\program files (x86)\microsoft visual studio 10.0\vc\include\string.h(105) : see declaration of 'strcpy'
       Link:
         C:\Program Files (x86)\Microsoft Visual Studio 10.0\VC\bin\link.exe /ERRORREPORT:PROMPT /OUT:"C:\Users\Zach\Documents\UCLA\CS31\projects\Project5\project5\Debug\project5.exe" /NOLOGO kernel32.lib user32.lib gdi32.lib winspool.lib comdlg32.lib advapi32.lib shell32.lib ole32.lib oleaut32.lib uuid.lib odbc32.lib odbccp32.lib /MANIFEST /ManifestFile:"Debug\project5.exe.intermediate.manifest" /MANIFESTUAC:"level='asInvoker' uiAccess='false'" /DEBUG /PDB:"C:\Users\Zach\Documents\UCLA\CS31\projects\Project5\project5\Debug\project5.pdb" /SUBSYSTEM:CONSOLE /TLBID:1 /DYNAMICBASE /NXCOMPAT /IMPLIB:"C:\Users\Zach\Documents\UCLA\CS31\projects\Project5\project5\Debug\project5.lib" /MACHINE:X86 Debug\bingle2.obj
         LINK : C:\Users\Zach\Documents\UCLA\CS31\projects\Project5\project5\Debug\project5.exe not found or not built by the last incremental link; performing full link
         project5.vcxproj -> C:\Users\Zach\Documents\UCLA\CS31\projects\Project5\project5\Debug\project5.exe
       Manifest:
         C:\Program Files (x86)\Microsoft SDKs\Windows\v7.0A\bin\mt.exe /nologo /verbose /outputresource:"C:\Users\Zach\Documents\UCLA\CS31\projects\Project5\project5\Debug\project5.exe;#1" /manifest Debug\project5.exe.intermediate.manifest
       FinalizeBuildStatus:
         Deleting file "Debug\project5.unsuccessfulbuild".
         Touching "Debug\project5.lastbuildstate".
     1>Done Building Project "C:\Users\Zach\Documents\UCLA\CS31\projects\Project5\project5\project5.vcxproj" (build target(s)).

Build succeeded.

Time Elapsed 00:00:02.70
