Build started 3/1/2011 8:25:39 PM.
     1>Project "C:\Users\Zach\Documents\UCLA\CS32\projects\P3\P3\P3.vcxproj" on node 2 (build target(s)).
     1>InitializeBuildStatus:
         Creating "Debug\P3.unsuccessfulbuild" because "AlwaysCreate" was specified.
       ClCompile:
         C:\Program Files (x86)\Microsoft Visual Studio 10.0\VC\bin\CL.exe /c /ZI /nologo /W3 /WX- /Od /Oy- /D _MBCS /Gm /EHsc /RTC1 /MDd /GS /fp:precise /Zc:wchar_t /Zc:forScope /Fo"Debug\\" /Fd"Debug\vc100.pdb" /Gd /TP /analyze- /errorReport:prompt Actor.cpp MyMaze.cpp MyWorld.cpp World.cpp main.cpp
         MyMaze.cpp
         Generating Code...
         Skipping... (no relevant changes detected)
         main.cpp
         World.cpp
         MyWorld.cpp
         Actor.cpp
       Link:
         C:\Program Files (x86)\Microsoft Visual Studio 10.0\VC\bin\link.exe /ERRORREPORT:PROMPT /OUT:"C:\Users\Zach\Documents\UCLA\CS32\projects\P3\P3\Debug\P3.exe" /NOLOGO winmm.lib kernel32.lib user32.lib gdi32.lib winspool.lib comdlg32.lib advapi32.lib shell32.lib ole32.lib oleaut32.lib uuid.lib odbc32.lib odbccp32.lib /MANIFEST /ManifestFile:"Debug\P3.exe.intermediate.manifest" /MANIFESTUAC:"level='asInvoker' uiAccess='false'" /DEBUG /PDB:"C:\Users\Zach\Documents\UCLA\CS32\projects\P3\P3\Debug\P3.pdb" /TLBID:1 /DYNAMICBASE /NXCOMPAT /IMPLIB:"C:\Users\Zach\Documents\UCLA\CS32\projects\P3\P3\Debug\P3.lib" /MACHINE:X86 Debug\Actor.obj
         Debug\main.obj
         Debug\MyMaze.obj
         Debug\MyWorld.obj
         Debug\UserInterface.obj
         Debug\winbgi.obj
         Debug\World.obj
         LINK : C:\Users\Zach\Documents\UCLA\CS32\projects\P3\P3\Debug\P3.exe not found or not built by the last incremental link; performing full link
         P3.vcxproj -> C:\Users\Zach\Documents\UCLA\CS32\projects\P3\P3\Debug\P3.exe
       Manifest:
         C:\Program Files (x86)\Microsoft SDKs\Windows\v7.0A\bin\mt.exe /nologo /verbose /outputresource:"C:\Users\Zach\Documents\UCLA\CS32\projects\P3\P3\Debug\P3.exe;#1" /manifest Debug\P3.exe.intermediate.manifest
       FinalizeBuildStatus:
         Deleting file "Debug\P3.unsuccessfulbuild".
         Touching "Debug\P3.lastbuildstate".
     1>Done Building Project "C:\Users\Zach\Documents\UCLA\CS32\projects\P3\P3\P3.vcxproj" (build target(s)).

Build succeeded.

Time Elapsed 00:00:03.27
