Build started 3/10/2011 12:03:05 AM.
     1>Project "C:\Users\Zach\Documents\UCLA\CS32\projects\P4\P4.vcxproj" on node 2 (build target(s)).
     1>InitializeBuildStatus:
         Creating "Debug\P4.unsuccessfulbuild" because "AlwaysCreate" was specified.
       ClCompile:
         C:\Program Files (x86)\Microsoft Visual Studio 10.0\VC\bin\CL.exe /c /ZI /nologo /W3 /WX- /Od /Oy- /D _MBCS /Gm /EHsc /RTC1 /MDd /GS /fp:precise /Zc:wchar_t /Zc:forScope /Fo"Debug\\" /Fd"Debug\vc100.pdb" /Gd /TP /analyze- /errorReport:prompt NewsAgg.cpp
         NewsAgg.cpp
     1>c:\users\zach\documents\ucla\cs32\projects\p4\newsagg.cpp(99): warning C4018: '<' : signed/unsigned mismatch
     1>c:\users\zach\documents\ucla\cs32\projects\p4\newsagg.cpp(114): warning C4018: '<' : signed/unsigned mismatch
     1>c:\users\zach\documents\ucla\cs32\projects\p4\newsagg.cpp(156): warning C4018: '<' : signed/unsigned mismatch
     1>c:\users\zach\documents\ucla\cs32\projects\p4\newsagg.cpp(176): warning C4018: '<' : signed/unsigned mismatch
     1>c:\users\zach\documents\ucla\cs32\projects\p4\newsagg.cpp(178): warning C4244: 'initializing' : conversion from 'double' to 'int', possible loss of data
     1>c:\users\zach\documents\ucla\cs32\projects\p4\newsagg.cpp(180): warning C4018: '<' : signed/unsigned mismatch
     1>c:\users\zach\documents\ucla\cs32\projects\p4\newsagg.cpp(196): warning C4018: '<' : signed/unsigned mismatch
     1>c:\users\zach\documents\ucla\cs32\projects\p4\newsagg.cpp(199): warning C4244: 'initializing' : conversion from 'double' to 'int', possible loss of data
     1>c:\users\zach\documents\ucla\cs32\projects\p4\newsagg.cpp(200): warning C4018: '<' : signed/unsigned mismatch
       Link:
         C:\Program Files (x86)\Microsoft Visual Studio 10.0\VC\bin\link.exe /ERRORREPORT:PROMPT /OUT:"C:\Users\Zach\Documents\UCLA\CS32\projects\P4\Debug\P4.exe" /NOLOGO wininet.lib kernel32.lib user32.lib gdi32.lib winspool.lib comdlg32.lib advapi32.lib shell32.lib ole32.lib oleaut32.lib uuid.lib odbc32.lib odbccp32.lib /MANIFEST /ManifestFile:"Debug\P4.exe.intermediate.manifest" /MANIFESTUAC:"level='asInvoker' uiAccess='false'" /DEBUG /PDB:"C:\Users\Zach\Documents\UCLA\CS32\projects\P4\Debug\P4.pdb" /SUBSYSTEM:CONSOLE /TLBID:1 /DYNAMICBASE /NXCOMPAT /IMPLIB:"C:\Users\Zach\Documents\UCLA\CS32\projects\P4\Debug\P4.lib" /MACHINE:X86 Debug\main.obj
         Debug\NewsAgg.obj
         Debug\NewsCluster.obj
         Debug\RSSProcessor.obj
         LINK : C:\Users\Zach\Documents\UCLA\CS32\projects\P4\Debug\P4.exe not found or not built by the last incremental link; performing full link
         P4.vcxproj -> C:\Users\Zach\Documents\UCLA\CS32\projects\P4\Debug\P4.exe
       Manifest:
         C:\Program Files (x86)\Microsoft SDKs\Windows\v7.0A\bin\mt.exe /nologo /verbose /outputresource:"C:\Users\Zach\Documents\UCLA\CS32\projects\P4\Debug\P4.exe;#1" /manifest Debug\P4.exe.intermediate.manifest
       FinalizeBuildStatus:
         Deleting file "Debug\P4.unsuccessfulbuild".
         Touching "Debug\P4.lastbuildstate".
     1>Done Building Project "C:\Users\Zach\Documents\UCLA\CS32\projects\P4\P4.vcxproj" (build target(s)).

Build succeeded.

Time Elapsed 00:00:03.73
