Build started 10/24/2010 9:24:24 PM.
     1>Project "C:\Users\Zach\Documents\UCLA\CS31\projects\Project3\project3\project3.vcxproj" on node 2 (build target(s)).
     1>InitializeBuildStatus:
         Creating "Debug\project3.unsuccessfulbuild" because "AlwaysCreate" was specified.
       ClCompile:
         C:\Program Files (x86)\Microsoft Visual Studio 10.0\VC\bin\CL.exe /c /ZI /nologo /W3 /WX- /Od /Oy- /D _MBCS /Gm /EHsc /RTC1 /MDd /GS /fp:precise /Zc:wchar_t /Zc:forScope /Fo"Debug\\" /Fd"Debug\vc100.pdb" /Gd /TP /analyze- /errorReport:prompt maze.cpp
         maze.cpp
       Link:
         C:\Program Files (x86)\Microsoft Visual Studio 10.0\VC\bin\link.exe /ERRORREPORT:PROMPT /OUT:"C:\Users\Zach\Documents\UCLA\CS31\projects\Project3\project3\Debug\project3.exe" /NOLOGO kernel32.lib user32.lib gdi32.lib winspool.lib comdlg32.lib advapi32.lib shell32.lib ole32.lib oleaut32.lib uuid.lib odbc32.lib odbccp32.lib /MANIFEST /ManifestFile:"Debug\project3.exe.intermediate.manifest" /MANIFESTUAC:"level='asInvoker' uiAccess='false'" /DEBUG /PDB:"C:\Users\Zach\Documents\UCLA\CS31\projects\Project3\project3\Debug\project3.pdb" /SUBSYSTEM:CONSOLE /TLBID:1 /DYNAMICBASE /NXCOMPAT /IMPLIB:"C:\Users\Zach\Documents\UCLA\CS31\projects\Project3\project3\Debug\project3.lib" /MACHINE:X86 Debug\grid.obj
         Debug\maze.obj
         LINK : C:\Users\Zach\Documents\UCLA\CS31\projects\Project3\project3\Debug\project3.exe not found or not built by the last incremental link; performing full link
         project3.vcxproj -> C:\Users\Zach\Documents\UCLA\CS31\projects\Project3\project3\Debug\project3.exe
       Manifest:
         C:\Program Files (x86)\Microsoft SDKs\Windows\v7.0A\bin\mt.exe /nologo /verbose /outputresource:"C:\Users\Zach\Documents\UCLA\CS31\projects\Project3\project3\Debug\project3.exe;#1" /manifest Debug\project3.exe.intermediate.manifest
       FinalizeBuildStatus:
         Deleting file "Debug\project3.unsuccessfulbuild".
         Touching "Debug\project3.lastbuildstate".
     1>Done Building Project "C:\Users\Zach\Documents\UCLA\CS31\projects\Project3\project3\project3.vcxproj" (build target(s)).

Build succeeded.

Time Elapsed 00:00:01.73
